<?xml version="1.0" encoding="UTF-8"?>
<testsuite name="com.bridgelabz.EmployeePayrollServiceTest" tests="1" skipped="0" failures="0" errors="0" timestamp="2022-12-19T13:32:33" hostname="SUDHA" time="0.027">
  <properties/>
  <testcase name="given3EmployeesWhenWrittenToFileShouldMatchEmployeeEntries()" classname="com.bridgelabz.EmployeePayrollServiceTest" time="0.027"/>
  <system-out><![CDATA[]]></system-out>
  <system-err><![CDATA[]]></system-err>
</testsuite>
